<?xml version="1.0" encoding="UTF-8"?>
<testsuite name="org.cjoakim.mongo.docscan.AppTest" tests="1" skipped="0" failures="0" errors="0" timestamp="2023-04-02T13:58:17" hostname="HPENVY34" time="0.001">
  <properties/>
  <testcase name="appHasAGreeting" classname="org.cjoakim.mongo.docscan.AppTest" time="0.001"/>
  <system-out><![CDATA[]]></system-out>
  <system-err><![CDATA[]]></system-err>
</testsuite>
